<?xml version="1.0" encoding="UTF-8"?>
<!-- Generated by org.testng.reporters.JUnitXMLReporter -->
<testsuite ignored="0" hostname="LAPTOP-TED8T6VL" failures="0" tests="9" name="allTestNG" time="30.625" errors="0" timestamp="2024-05-06T20:27:18 IST">
  <testcase classname="testng.danphe.patientReg.LoginTest" name="verifyDanpheEmrHeader" time="0.2"/>
  <testcase classname="testng.danphe.patientReg.LoginTest" name="userLoginAndCheckDashboard" time="5.611"/>
  <testcase classname="testng.danphe.patientReg.LoginTest" name="verifyPatientMenuAndNavigateToSearch" time="4.042"/>
  <testcase classname="testng.danphe.patientReg.LoginTest" name="navigateToPatientRegistration" time="0.273"/>
  <testcase classname="testng.danphe.patientReg.LoginTest" name="verifyMandatoryFields" time="0.45"/>
  <testcase classname="testng.danphe.patientReg.LoginTest" name="navigateToInsurancePage" time="0.337"/>
  <testcase classname="testng.danphe.patientReg.LoginTest" name="verifyMandatoryInsuranceFields" time="0.464"/>
  <testcase classname="testng.danphe.patientReg.LoginTest" name="navigateToAddressPageAndValidate" time="0.413"/>
  <testcase classname="testng.danphe.patientReg.LoginTest" name="verifyMandatoryAddressFields" time="0.407"/>
</testsuite> <!-- allTestNG -->
